-0.6090914607048035 1.003857254981995 0.104868195950985
1.084135413169861 -0.3095974624156952 -0.221777006983757
0.3556234836578369 0.5642457604408264 0.3720067143440247
0.6550144553184509 -0.3978986740112305 0.3991720676422119
-0.1718263775110245 0.7249636650085449 0.3952673077583313
0.8034242987632751 -0.1559169739484787 0.4045920372009277
1.073524355888367 -0.1704217493534088 -0.2801056504249573
-0.2176759839057922 0.2473684698343277 0.1914296001195908
0.6362389326095581 0.6392451524734497 0.3946688175201416
0.2365648448467255 0.01657352223992348 0.1530866175889969
-0.8694261312484741 0.7313706278800964 -0.2083006352186203
0.09811076521873474 -0.2443327903747559 0.1623830050230026
-0.4704611301422119 -0.9966697692871094 0.2618944942951202
-0.3391246795654297 1.093200206756592 -0.190747857093811
0.1465060859918594 -0.970198929309845 0.365393728017807
-0.3463024795055389 0.2646613419055939 0.247283399105072
-1.17775547504425 0.06373262405395508 0.08063605427742004
1.056061506271362 -0.153189405798912 0.3024859726428986
-0.1830582916736603 -0.4908573031425476 0.2990960478782654
-0.2925585508346558 0.1282958090305328 0.1860308051109314
0.1109942644834518 0.3711820542812347 0.2214664220809937
-0.3791274130344391 -0.7101906538009644 -0.4032703936100006
-0.5042320489883423 1.020276665687561 0.2036703824996948
-0.3585366010665894 1.022934913635254 0.283478319644928
-0.8356228470802307 -0.6943880915641785 0.2812879383563995
1.141616940498352 -0.1326206028461456 0.1809022277593613
-0.3759304881095886 0.4383192956447601 -0.329287052154541
-0.5142608284950256 0.1812898814678192 -0.311169445514679
0.2393404990434647 -1.056995749473572 0.2841615676879883
-0.5025907754898071 0.4009842276573181 -0.3612149953842163
-0.1197929382324219 -1.076263904571533 0.2850982248783112
-0.4295787811279297 -0.1242691427469254 0.2531062960624695
0.08438967168331146 0.005508108530193567 0.1186217591166496
0.6948778033256531 0.8017407655715942 -0.3081760704517365
0.5350164771080017 0.8885494470596313 -0.3289138674736023
-0.8197711110115051 -0.3926687836647034 0.3934418559074402
0.5429059267044067 0.8869040012359619 0.3265350162982941
0.3938942551612854 0.8624926209449768 0.3803130686283112
0.5061463713645935 0.6069579124450684 0.4024351537227631
-1.041924595832825 0.4848072528839111 0.1780744791030884
0.3791259825229645 0.7101989984512329 0.4032715260982513
0.04911216348409653 0.4955478608608246 -0.2841493785381317
-1.17932116985321 0.1105261072516441 -0.04408746585249901
0.6216288208961487 0.6222399473190308 -0.3987952470779419
0.284394770860672 0.1596410423517227 0.1890076696872711
0.4404204487800598 0.3261023759841919 0.3131272196769714
-0.8450011014938354 -0.3891652524471283 -0.3866807520389557
0.8431377410888672 0.5494997501373291 -0.3509945273399353
0.04894375428557396 -0.9406285285949707 -0.3820827901363373
-0.2492798715829849 0.2314012050628662 -0.1953050494194031
-0.3709429502487183 0.8144515156745911 -0.3964050114154816
-0.002383471932262182 0.1189016327261925 0.1241138726472855
0.4295769929885864 0.1242782548069954 -0.2531058788299561
0.8965639472007751 -0.4333496391773224 -0.356250524520874
0.8752555251121521 -0.2945667803287506 -0.3888805508613586
-0.8124921917915344 0.8469308614730835 -0.1079894974827766
0.5042308568954468 -1.020274043083191 -0.2036744803190231
-0.04901529476046562 0.8515281677246094 -0.4027459919452667
0.4704724848270416 0.9966682195663452 -0.2618911564350128
-0.4845608472824097 -0.2355809211730957 0.3074793517589569
0.2111819237470627 0.9653435945510864 -0.3614987730979919
-0.03191881626844406 -1.140021800994873 0.19900281727314
0.3778508901596069 1.093575000762939 -0.1614126563072205
-0.09780625998973846 -0.7399954795837402 -0.3955418765544891
-0.2682295143604279 -0.365532249212265 0.2566298842430115
0.4845588505268097 0.2355905622243881 -0.307480126619339
0.6338973045349121 -0.01591233164072037 -0.3591159582138062
0.9917885661125183 -0.2825331091880798 -0.3325256705284119
0.8326836228370667 -0.154070258140564 -0.4036146700382233
0.721911609172821 -0.9413436055183411 -0.001590017112903297
0.9030898213386536 0.2683269679546356 -0.3832463026046753
-1.084296107292175 0.3062469363212585 -0.2251483052968979
-0.9672055244445801 0.6825659275054932 0.04740967229008675
1.039307236671448 -0.02468322217464447 -0.3270407319068909
0.7740642428398132 0.241284966468811 -0.4044520854949951
0.869232177734375 -0.7675119042396545 -0.1539052575826645
-1.141621470451355 0.132591038942337 -0.1809004098176956
0.3910062611103058 -0.3940393328666687 -0.3176726102828979
-0.6948639750480652 -0.8017460107803345 0.3081800639629364
-0.9663551449775696 0.6296646595001221 0.1693129986524582
-0.5061470866203308 -0.6069478392601013 -0.4024340212345123
-0.4475808143615723 0.07647880166769028 -0.2570532858371735
-0.4970765113830566 -0.06578893959522247 -0.28547003865242
-0.211177185177803 -0.965339720249176 0.3615006506443024
-1.16510534286499 -0.1914343386888504 -0.07327525317668915
0.8500998616218567 0.5295060276985168 0.3527907729148865
0.7114707827568054 0.3740258812904358 0.4036681056022644
0.7179408669471741 -0.04419251531362534 0.3902535140514374
-1.021121740341187 -0.5597138404846191 0.1406653970479965
0.4475826919078827 -0.07646918296813965 0.2570542395114899
0.09998805075883865 0.6137946248054504 0.3531411588191986
-0.5414214134216309 -0.3506284356117249 0.3629052639007568
0.6592907905578613 0.9635742902755737 0.129901647567749
-0.1597387790679932 0.599459707736969 0.3524321913719177
0.07629075646400452 0.00324954790994525 -0.1177153289318085
-0.09731665253639221 -0.8935598731040955 -0.3951314985752106
0.08795814216136932 -0.2223318517208099 -0.1552721261978149
0.8124760985374451 -0.8469449877738953 0.1079919189214706
0.6598056554794312 -0.9606970548629761 0.1373802572488785
0.4963744580745697 -1.046271800994873 0.1587628424167633
0.5416107177734375 0.2118465751409531 0.3323012590408325
0.1578519493341446 -1.129781007766724 0.1984431594610214
0.3473457992076874 0.2360570132732391 -0.2370928376913071
0.1597392410039902 -0.5994554758071899 -0.3524290919303894
1.041914582252502 -0.4848258495330811 -0.178077831864357
-0.8326862454414368 0.154081791639328 0.4036140739917755
-0.1041470915079117 -0.490500807762146 -0.2870252132415771
0.4663223922252655 -0.2765479683876038 -0.3098559975624084
-0.626927375793457 -0.2372357547283173 0.3738915622234344
0.6704037189483643 -0.6910024285316467 0.374163806438446
-0.9640209674835205 -0.6839589476585388 0.06392160803079605
0.09266090393066406 1.159899711608887 0.139839306473732
0.6329147219657898 -0.8259363770484924 0.3262434601783752
0.3193576335906982 0.4759392738342285 -0.3269510865211487
0.2492810189723969 -0.231393501162529 0.1953040659427643
0.4479203522205353 -0.6641082167625427 -0.4030821323394775
0.1888367831707001 -0.8775671124458313 -0.3954080939292908
0.4911278188228607 -0.9408861398696899 -0.307456910610199
-0.1432991176843643 0.3573932349681854 0.220220148563385
0.3134299218654633 -0.3337997198104858 0.2592577934265137
-0.4122678637504578 1.107732772827148 -0.06276565790176392
-0.3938960433006287 -0.8624846339225769 -0.380314826965332
0.8879292011260986 0.783735454082489 0.04155027493834496
0.7827625274658203 0.857914924621582 0.1488477140665054
0.7141830325126648 0.9297958612442017 -0.1127374842762947
-0.4663234949111938 0.276556521654129 0.3098598718643188
-0.8752585053443909 0.2945772707462311 0.3888783156871796
-1.039307951927185 0.02467766776680946 0.3270395696163177
-0.04911233484745026 -0.495541125535965 0.2841461896896362
0.3226068317890167 0.3010362386703491 0.2503301799297333
-1.073527574539185 0.1704095751047134 0.2801035344600677
-0.5793353915214539 0.9401546120643616 -0.2590147256851196
0.4698951542377472 0.7002509832382202 -0.4028031229972839
-0.3679926693439484 -0.5883804559707642 0.3812208771705627
-0.781812846660614 -0.8207115530967712 0.213134303689003
0.9037413001060486 -0.4553600549697876 0.3474119901657104
-0.5995126962661743 -0.4916065335273743 -0.4007413685321808
-0.3151324689388275 1.141352891921997 0.04102088138461113
-0.21660315990448 1.142952442169189 0.1407899111509323
-1.165645360946655 -0.04169048368930817 -0.1348942667245865
0.5834227800369263 -0.2898485064506531 0.365609735250473
0.6153358817100525 1.014177083969116 -0.002645952627062798
0.5497766733169556 1.026236414909363 -0.1410937309265137
0.3391169607639313 -1.093201279640198 0.1907484978437424
-0.8647264838218689 0.3018387258052826 -0.391590416431427
0.9857702851295471 0.595673680305481 0.1719644218683243
-0.06312553584575653 -0.253164142370224 0.1615062355995178
1.165111541748047 0.1913959085941315 0.07327518612146378
-0.5834208726882935 0.2898586988449097 -0.3656107485294342
0.7350691556930542 -0.7052270770072937 -0.342374712228775
-1.033562898635864 0.5752706527709961 -0.05763034522533417
0.09731541574001312 0.8935652375221252 0.3951314389705658
0.835637629032135 0.6943774819374084 -0.2812832593917847
-0.5494381189346313 0.6459382176399231 -0.4025058448314667
-0.9115803837776184 0.01022166479378939 0.3930459320545197
-0.6008507609367371 -0.465324342250824 0.3981638848781586
-0.09266117215156555 -1.159897208213806 -0.1398442834615707
-0.6582303047180176 -0.8985475301742554 -0.2448798269033432
-0.1499471813440323 0.4766433238983154 0.2859921753406525
-1.036313891410828 -0.137907862663269 -0.3221955895423889
-0.1253118813037872 0.7188248634338379 -0.3924445807933807
-0.2887016534805298 -1.145820140838623 0.06496641039848328
-0.7583639621734619 0.8860024213790894 0.1342816948890686
0.09649000316858292 1.010767459869385 0.3442669808864594
-0.08795846998691559 0.222336933016777 0.1552750915288925
-0.201686218380928 0.9941947460174561 0.3448994755744934
-0.2365639954805374 -0.01656647585332394 -0.1530849933624268
0.6422982215881348 -0.4229251444339752 -0.399951159954071
1.021137714385986 0.5596882700920105 -0.1406612247228622
-0.242125615477562 0.4677767753601074 -0.3007687628269196
-0.2655163705348969 0.7030494809150696 -0.3969898521900177
-0.3134282231330872 0.3338081240653992 -0.2592598497867584
-0.2107924968004227 1.08709192276001 0.253212958574295
0.7823854088783264 -0.7222684621810913 0.3045260906219482
0.2161243706941605 1.123185634613037 -0.1923943012952805
-0.7219232320785522 0.9413353204727173 0.001589100691489875
0.03586749732494354 0.9799068570137024 -0.3657175898551941
0.4976316392421722 1.064372420310974 0.1014148220419884
0.1816674768924713 0.7268279790878296 -0.3965373635292053
-0.4694405794143677 1.082605838775635 0.07516681402921677
-0.6153255701065063 -1.014182567596436 0.002644691383466125
-0.4492422640323639 -0.452299177646637 0.358816385269165
0.06450951844453812 -1.173706769943237 0.09763673692941666
-0.4102125763893127 0.6779880523681641 -0.4022961854934692
-0.4362966120243073 0.5453194379806519 -0.3826346099376678
0.9338776469230652 -0.5638971924781799 -0.2744581699371338
-0.3473473787307739 -0.2360485196113586 0.2370918691158295
0.6106247901916504 -0.2872141599655151 -0.3761052191257477
-0.2393464595079422 1.056996583938599 -0.2841604053974152
0.1197967007756233 1.076265215873718 -0.2850972712039948
-0.5858273506164551 -0.7581743597984314 0.3761659860610962
-0.8431286215782166 -0.54950350522995 0.3509974777698517
-0.7179384827613831 0.04420370608568192 -0.3902531266212463
-0.0318739265203476 -1.184975147247314 -0.00360306934453547
0.5025923252105713 -0.4009743332862854 0.3612130284309387
-1.111357927322388 0.4146449267864227 -0.01427523326128721
-0.6592856645584106 -0.9635761380195618 -0.1299050152301788
0.4362959861755371 -0.545310914516449 0.3826324045658112
-0.04061355441808701 -0.7276425957679749 0.3922222554683685
0.3780807554721832 -0.1964630037546158 0.240511566400528
-1.053425073623657 -0.286632776260376 -0.2744357287883759
-0.8261341452598572 0.5721312761306763 0.351154088973999
0.4942973554134369 -0.01178290974348783 -0.2814163267612457
-1.05943489074707 -0.5328854322433472 0.02115072682499886
0.292557567358017 -0.128289133310318 -0.1860279887914658
-0.02092219144105911 0.4493854939937592 0.2570787966251373
-0.3897621333599091 -0.9896063208580017 -0.305263876914978
-0.93995600938797 -0.5664066672325134 0.2680384814739227
-0.8692401051521301 0.7675045728683472 0.1539024263620377
-0.9030879735946655 -0.2683231830596924 0.3832468390464783
-0.09998811781406403 -0.6137906908988953 -0.3531380891799927
-0.1888353526592255 0.877572774887085 0.3954080045223236
0.2682281136512756 0.3655401170253754 -0.2566321790218353
0.4970783591270447 0.06579872965812683 0.2854726016521454
0.4492408633232117 0.4523085355758667 -0.3588186502456665
-0.9857593178749084 -0.5956892967224121 -0.1719681471586227
-0.6338995695114136 0.01592366211116314 0.3591173887252808
0.5829539895057678 0.3528423011302948 0.3784218728542328
-0.5829522013664246 -0.3528309762477875 -0.378418892621994
-0.7787052392959595 -0.1088777482509613 -0.4030881822109222
-1.05606484413147 0.1531779915094376 -0.3024849891662598
0.2421268969774246 -0.4677690267562866 0.3007656931877136
0.3281274735927582 0.7172604203224182 -0.4019668102264404
0.6269254684448242 0.2372460514307022 -0.3738921582698822
0.2176753282546997 -0.2473629862070084 -0.1914262026548386
-0.7813584208488464 0.4323772788047791 -0.3967507779598236
-0.6704130172729492 0.6910029053688049 -0.3741613030433655
-0.7485811710357666 0.8211907744407654 0.2488318383693695
0.3193023204803467 -0.9370774030685425 0.3605154454708099
-0.6921125650405884 0.551967442035675 -0.3978080153465271
-0.933987557888031 0.1688406318426132 -0.3805689215660095
1.131874084472656 -0.04325218871235847 -0.2142393589019775
1.177753567695618 -0.06377211958169937 -0.08063570410013199
-0.4082546532154083 0.5220287442207336 0.3703740835189819
0.09780576825141907 0.7400000691413879 0.3955439031124115
0.1041473746299744 0.4905045330524445 0.2870287299156189
0.6921068429946899 -0.5519641041755676 0.3978087604045868
1.124049305915833 0.1662203967571259 0.2076320499181747
-0.1604297608137131 1.174501180648804 0.00420759804546833
-0.1642298698425293 0.104936808347702 -0.1400367617607117
-0.07629097998142242 -0.003243381390348077 0.1177166178822517
1.053429961204529 0.2866219580173492 0.2744328081607819
1.084287166595459 -0.3062698841094971 0.2251517176628113
-0.5543712973594666 0.1519747823476791 0.32874995470047
-1.084141969680786 0.3095787763595581 0.2217743694782257
-0.8500972986221313 -0.5294969081878662 -0.3527953028678894
0.8647240400314331 -0.3018350899219513 0.3915908932685852
-0.6216230392456055 -0.6222354769706726 0.3987960517406464
-0.9990724325180054 0.00501424353569746 -0.3557926416397095
-0.469890683889389 -0.700244128704071 0.4028032720088959
-1.11738646030426 -0.255490779876709 0.1876700669527054
0.3759320974349976 -0.4383102357387543 0.3292843401432037
0.5494334101676941 -0.6459320187568665 0.4025061130523682
-0.8034231066703796 0.155926525592804 -0.4045923948287964
0.5142629742622375 -0.1812795847654343 0.3111691474914551
0.3498535454273224 1.127360463142395 0.07259350270032883
-0.4942992627620697 0.01179241854697466 0.2814183831214905
0.2887062132358551 1.145819425582886 -0.06496827304363251
1.036316275596619 0.1379029154777527 0.3221936225891113
-0.3780790269374847 0.1964721232652664 -0.2405121773481369
-0.7012668251991272 -0.1212999820709229 0.3882007598876953
0.412260502576828 -1.10773491859436 0.06276416033506393
0.9640375375747681 0.683936595916748 -0.06391879916191101
0.1642304509878159 -0.1049299761652946 0.1400371044874191
-0.1438682079315186 -0.1217578426003456 0.1383316516876221
-0.9917927384376526 0.2825320363044739 0.3325222730636597
0.2151445150375366 0.2568060755729675 -0.1928969621658325
-0.6315569877624512 0.8219297528266907 0.3292458951473236
-0.5624584555625916 0.5476192235946655 0.4019771814346313
-0.4800946116447449 0.8138390183448792 0.3816108703613281
0.3202909827232361 -0.7774896621704102 -0.4031685590744019
-0.4479192495346069 0.664117157459259 0.4030832648277283
0.3631405532360077 0.05054056271910667 0.2082796990871429
-1.160977005958557 -0.08505949378013611 0.142055869102478
-0.02433307841420174 0.3780083656311035 -0.2151941955089569
-0.09811025857925415 0.2443394958972931 -0.162384033203125
-0.6106266379356384 0.2872255146503448 0.3761079907417297
-0.7781080603599548 0.02389184944331646 0.4023101031780243
-0.3193084001541138 0.9370805025100708 -0.3605134785175323
-0.06015064939856529 1.126283407211304 0.2202752679586411
-0.2291513979434967 -0.008789886720478535 0.1505550742149353
-0.7645498514175415 -0.6598985195159912 -0.3478886485099792
-0.1816661655902863 -0.726820707321167 0.3965358436107635
-0.7823994755744934 0.7222602963447571 -0.3045220673084259
1.15955650806427 0.2378886044025421 -0.05147582292556763
0.02092232927680016 -0.4493818879127502 -0.2570752799510956
0.781354546546936 -0.4323737919330597 0.3967513740062714
0.03191971406340599 1.140022277832031 -0.1990037858486176
-0.1707827597856522 0.5938956141471863 -0.3511087596416473
-0.3556240797042847 -0.5642383694648743 -0.372003585100174
0.9609474539756775 0.3895732462406158 0.3280834853649139
0.7485783696174622 -0.8211889266967773 -0.2488362193107605
0.7781059145927429 -0.02388010546565056 -0.4023099541664124
1.160979866981506 0.08502562344074249 -0.1420552134513855
0.9860222935676575 0.1129991337656975 -0.359652578830719
0.7583574056625366 -0.8860064148902893 -0.1342847496271133
0.9115786552429199 -0.01021457184106112 -0.3930468559265137
0.60085129737854 0.4653328359127045 -0.3981649577617645
-1.113404035568237 0.3680756390094757 0.1103440746665001
-1.160844445228577 0.2394599467515945 0.03317109122872353
-0.8542305827140808 -0.8134303689002991 0.07912781834602356
-0.3631391823291779 -0.05053243041038513 -0.2082774043083191
0.1896692961454391 1.168892621994019 0.03942814469337463
-1.047651410102844 -0.426112562417984 -0.2155870348215103
-1.068477153778076 -0.4871486127376556 -0.1035444959998131
-1.124045610427856 -0.1662440448999405 -0.2076332867145538
-0.2316998094320297 -0.5288631319999695 -0.3302441835403442
-1.12841010093689 -0.3642309904098511 -0.0259240847080946
0.5543693900108337 -0.1519645303487778 -0.328746885061264
-0.9124953746795654 -0.1097471863031387 -0.3909555673599243
0.854246973991394 0.8134145140647888 -0.07912459224462509
-0.6422990560531616 0.4229371547698975 0.3999524712562561
0.1830575466156006 0.4908645451068878 -0.2990991473197937
-0.3193589150905609 -0.47593092918396 0.3269481658935547
-0.03441433981060982 0.6867244839668274 0.3798330128192902
0.3679935038089752 0.5883885622024536 -0.3812232315540314
0.6582315564155579 0.8985508680343628 0.2448752224445343
-0.7404389977455139 0.2940486669540405 0.4032967984676361
-0.03586616367101669 -0.9799025654792786 0.3657191395759583
0.999073326587677 -0.005014618393033743 0.3557915687561035
1.033547759056091 -0.5752968192100525 0.05763324722647667
0.3591692447662354 -0.01120855938643217 -0.2046705633401871
0.4694355726242065 -1.082606673240662 -0.07517021894454956
0.4102096855640411 -0.6779806613922119 0.4022953510284424
-0.3778427243232727 -1.093576550483704 0.1614135354757309
-0.3526681661605835 -0.434755265712738 -0.3202618360519409
-0.5416087508201599 -0.2118361741304398 -0.3322977125644684
-0.4976281821727753 -1.064372539520264 -0.1014184504747391
-0.635729968547821 -0.08515901118516922 -0.362295538187027
0.1718272864818573 -0.7249587774276733 -0.3952652812004089
0.1095744520425797 -0.4869036972522736 0.2848171293735504
-0.9037496447563171 0.4553543925285339 -0.3474093079566956
0.4082551300525665 -0.5220208168029785 -0.3703708648681641
-0.9104788899421692 0.6001031994819641 -0.276659369468689
-0.9338834285736084 0.5638944506645203 0.2744535505771637
0.5414196848869324 0.3506380617618561 -0.3629066646099091
1.117394328117371 0.2554625570774078 -0.1876676976680756
1.111345171928406 -0.4146784842014313 0.0142772700637579
0.9339865446090698 -0.1688372194766998 0.3805689811706543
1.027822256088257 0.2663068175315857 -0.307681143283844
0.8197740912437439 0.3926731050014496 -0.3934411406517029
0.4800956249237061 -0.8138310313224792 -0.3816125988960266
0.125311553478241 -0.7188174724578857 0.3924427926540375
0.2016874104738235 -0.9941893219947815 -0.3449017405509949
-0.4963850677013397 1.046267986297607 -0.1587616950273514
-0.2485580444335938 -1.056471705436707 -0.2818780243396759
-0.35917067527771 0.0112164206802845 0.2046725153923035
-0.09425893425941467 -1.103912472724915 -0.252367228269577
0.5858363509178162 0.7581765651702881 -0.3761634826660156
0.07117897272109985 0.2309609949588776 0.156137153506279
1.128421664237976 0.3641949892044067 0.02592501789331436
0.1438677906990051 0.1217644512653351 -0.1383314430713654
-0.1970555484294891 -0.2698537409305573 -0.193554475903511
1.068489670753479 0.4871213436126709 0.1035434752702713
-0.2151454091072083 -0.2567988038063049 0.1928957551717758
-1.131874918937683 0.04322762042284012 0.2142389118671417
0.6590311527252197 0.7822990417480469 0.3393474817276001
0.9104646444320679 -0.600117027759552 0.2766639590263367
-0.6329268217086792 0.8259338736534119 -0.3262397944927216
0.368638277053833 0.9494385123252869 -0.3427660167217255
0.2655150592327118 -0.7030421495437622 0.3969883918762207
-0.09886036813259125 -0.6083869934082031 0.3503340482711792
0.04901501908898354 -0.8515216112136841 0.402746170759201
0.1970563679933548 0.2698591649532318 0.193558007478714
0.3526685237884521 0.4347620606422424 0.3202658593654633
0.2316997647285461 0.5288681983947754 0.3302477896213531
-0.6362391710281372 -0.6392337679862976 -0.3946704268455505
-0.6590307354927063 -0.7822914719581604 -0.3393515646457672
-0.368630588054657 -0.9494357109069824 0.3427688777446747
0.4740402400493622 -0.9043930172920227 0.3409745693206787
-0.6563720703125 0.1677408665418625 -0.3765110671520233
-0.6550147533416748 0.3979072570800781 -0.3991729617118835
1.040854215621948 0.4215872883796692 -0.2312557399272919
1.059450268745422 0.5328553915023804 -0.0211487989872694
1.047659754753113 0.4260960817337036 0.2155838161706924
0.1604274958372116 -1.174500584602356 -0.004211191087961197
0.3897604644298553 0.9896119236946106 0.3052603006362915
0.6315560340881348 -0.8219237923622131 -0.3292496204376221
0.315128356218338 -1.141352891921997 -0.04102465882897377
0.5624588131904602 -0.5476089715957642 -0.4019760489463806
0.2393891215324402 0.8087635636329651 0.4030112624168396
-0.6955103278160095 0.5654038190841675 0.395962119102478
-0.7229470014572144 -0.5131392478942871 0.3980090916156769
-1.078066945075989 0.4456416964530945 -0.1342034637928009
-0.4740492403507233 0.904394268989563 -0.3409715890884399
-0.7350708842277527 0.705233633518219 0.3423708379268646
0.06312532722949982 0.2531706690788269 -0.161507323384285
-0.8712553381919861 -0.6630120277404785 -0.2695985436439514
-0.3927760720252991 -1.069554090499878 -0.2010246515274048
-0.894628643989563 -0.7314960956573486 -0.1636742502450943
-0.7740648984909058 -0.2412755340337753 0.4044517278671265
-0.10957370698452 0.4869105815887451 -0.2848202586174011
-0.7114687561988831 -0.3740123212337494 -0.4036677181720734
-0.8186030387878418 -0.2446018755435944 -0.4029680490493774
0.6357323527336121 0.08517062664031982 0.3622975051403046
0.7404366135597229 -0.294035404920578 -0.4032963216304779
0.0601501502096653 -1.126279950141907 -0.2202794849872589
-0.9386779069900513 0.7159502506256104 -0.07349717617034912
-0.3498507738113403 -1.127359867095947 -0.07259727269411087
0.6563740968704224 -0.1677302271127701 0.376510888338089
-0.9860219359397888 -0.1129996404051781 0.359652191400528
0.2107923775911331 -1.087087869644165 -0.2532169222831726
-0.5497644543647766 -1.026241660118103 0.1410952210426331
-0.1465089023113251 0.9702029824256897 -0.3653921484947205
-0.284393697977066 -0.1596342623233795 -0.189004585146904
-0.04894353821873665 0.9406338334083557 0.3820820450782776
-0.08438935875892639 -0.00550187798216939 -0.1186204105615616
-0.07117854058742523 -0.2309559285640717 -0.1561341285705566
-0.5350053906440735 -0.8885496258735657 0.3289174735546112
-0.3281247317790985 -0.7172529101371765 0.4019659161567688
0.7012646794319153 0.1213108599185944 -0.3882006704807281
0.094258151948452 1.103916645050049 0.2523630559444427
0.7818291783332825 0.8207000494003296 -0.2131299376487732
0.6955097317695618 -0.5653927326202393 -0.395963579416275
0.8946381807327271 0.7314863801002502 0.1636710166931152
0.8261313438415527 -0.5721240639686584 -0.3511581718921661
-0.6598195433616638 0.9606889486312866 -0.137378454208374
0.2166012227535248 -1.142950296401978 -0.1407945305109024
0.03441459313035011 -0.6867207288742065 -0.3798305094242096
-0.06451120227575302 1.173707008361816 -0.0976395308971405
0.03187304735183716 1.184976100921631 0.003599306335672736
0.3709380626678467 -0.8144460916519165 0.3964059948921204
-0.2749763429164886 -0.8487431406974792 0.3969641625881195
0.0406140610575676 0.7276498079299927 -0.3922240436077118
0.2749805450439453 0.8487489819526672 -0.3969632089138031
-0.7827553153038025 -0.8579198122024536 -0.1488508284091949
-0.1896679699420929 -1.168891668319702 -0.03943226113915443
-0.7141675353050232 -0.9298064708709717 0.1127396747469902
-0.1578558087348938 1.129780888557434 -0.1984440833330154
0.9124975800514221 0.1097546443343163 0.3909541964530945
0.9399688839912415 0.5663939118385315 -0.2680335938930511
0.9386619329452515 -0.7159698009490967 0.07350058108568192
-0.2161195427179337 -1.123185515403748 0.1923947036266327
1.07805335521698 -0.4456709027290344 0.134207546710968
-0.4404192268848419 -0.326094001531601 -0.3131230175495148
0.1432989090681076 -0.357388824224472 -0.2202166169881821
1.179317116737366 -0.1105669140815735 0.04408906400203705
-0.8879152536392212 -0.7837510704994202 -0.04155011847615242
-0.5429062843322754 -0.8868972063064575 -0.3265389204025269
0.1707830727100372 -0.5938883423805237 0.3511057794094086
-1.159548282623291 -0.2379278391599655 0.05147742107510567
0.76455157995224 0.6599069833755493 0.3478841781616211
0.5995131731033325 0.4916186034679413 0.4007426500320435
0.3463015556335449 -0.2646547257900238 -0.2472795248031616
-0.8965672850608826 0.4333575367927551 0.3562464118003845
-0.9609426856040955 -0.3895730078220367 -0.3280875384807587
0.09886055439710617 0.6083940863609314 -0.3503371179103851
0.2291506230831146 0.008796625770628452 -0.1505536586046219
0.8694098591804504 -0.7313855886459351 0.2083050161600113
0.5793223977088928 -0.9401587247848511 0.2590181529521942
0.8712606430053711 0.6630114316940308 0.2695935666561127
-0.4911274015903473 0.9408912658691406 0.3074534833431244
1.165646314620972 0.04165668785572052 0.1348944157361984
1.160836577415466 -0.2394985407590866 -0.0331699512898922
-0.3202894926071167 0.7774966955184937 0.4031692147254944
0.6090861558914185 -1.003859043121338 -0.1048714742064476
0.9671919941902161 -0.6825850605964661 -0.04740928485989571
0.1499472558498383 -0.4766393005847931 -0.2859885990619659
1.113394141197205 -0.3681060671806335 -0.1103447452187538
0.7787074446678162 0.1088897511363029 0.4030883312225342
-0.09649122506380081 -1.010762214660645 -0.3442692160606384
0.3927753865718842 1.069557547569275 0.2010201513767242
0.9663456082344055 -0.6296772956848145 -0.1693160086870193
-0.3226057589054108 -0.3010296821594238 -0.2503260374069214
0.2485564053058624 1.056476593017578 0.2818742692470551
-0.1109938323497772 -0.3711779415607452 -0.2214629203081131
0.2811546623706818 -0.5007105469703674 -0.3285583555698395
1.000253319740295 -0.4614027440547943 0.2627594172954559
0.02433331683278084 -0.3780018389225006 0.2151918709278107
0.002383501036092639 -0.1188960373401642 -0.1241116374731064
0.8450037240982056 0.3891765475273132 0.3866780698299408
-1.040842771530151 -0.4216077923774719 0.2312595546245575
-1.027817010879517 -0.2663172781467438 0.3076828718185425
0.7229512333869934 0.5131435394287109 -0.3980084359645844
0.3585371971130371 -1.022930264472961 -0.2834818065166473
0.8186057209968567 0.2446139305830002 0.4029671847820282
-1.000264883041382 0.4613872170448303 -0.2627547085285187
-0.3910064399242401 0.3940465152263641 0.3176765739917755
-0.2811543941497803 0.5007160305976868 0.3285620212554932
-0.2393905818462372 -0.8087570071220398 -0.4030106365680695
-0.2428871095180511 -0.9544777870178223 -0.3630408346652985
-0.4165547788143158 0.1454470604658127 0.2497877478599548
-0.3984508812427521 -0.3438616394996643 0.2996926307678223
-0.5625501275062561 -0.1227444335818291 0.3289148211479187
0.7685710787773132 0.9025733470916748 0.02614537812769413
0.2207634001970291 -0.8341400623321533 0.4014178216457367
0.4454457461833954 1.098273158073425 -0.03138107806444168
0.5190494060516357 -0.7801524996757507 0.3844910860061646
0.05530161410570145 -1.048212289810181 -0.3174201846122742
0.9817878007888794 -0.3163707256317139 0.3335373103618622
0.6913319230079651 0.356784462928772 -0.4015844762325287
0.5326822996139526 0.7533513903617859 0.3890830874443054
0.4165533483028412 -0.1454391032457352 -0.2497844398021698
0.02753833867609501 -0.5657147169113159 -0.324741393327713
1.093960762023926 0.1015781313180923 -0.2663237750530243
1.119000673294067 0.3131687343120575 0.1474176198244095
1.103115797042847 0.01801544800400734 0.2603135704994202
1.143920302391052 -0.1897587329149246 -0.1543407291173935
0.9461770057678223 0.2492633014917374 0.3668583631515503
0.01037946436554193 -0.1152069792151451 0.1227901056408882
-0.5326834917068481 -0.7533418536186218 -0.3890846967697144
-0.6913321614265442 -0.3567753732204437 0.4015837907791138
-0.6845271587371826 -0.2347665578126907 -0.3918887078762054
0.810200572013855 -0.5844768285751343 0.3553199172019958
-0.7685590386390686 -0.9025832414627075 -0.02614553645253181
-1.143278002738953 0.2821392714977264 -0.09057774394750595
-0.4454388022422791 -1.098275423049927 0.03137951716780663
-0.7326241135597229 0.8465041518211365 -0.2369554340839386
-0.1262313276529312 -1.169007658958435 0.0970798134803772
-1.052668213844299 0.5374470353126526 0.06237528100609779
0.7283957004547119 0.5161632895469666 0.3965490162372589
-0.6984206438064575 0.1589707583189011 0.3900132775306702
-0.8102111220359802 0.5844720602035522 -0.3553169965744019
0.2331123203039169 0.4053299725055695 0.2664584815502167
-1.118992328643799 -0.3131978213787079 -0.1474189013242722
0.4053559303283691 0.1901786327362061 0.2534881830215454
0.1811189502477646 -0.3636870682239532 0.2300777435302734
-1.143925428390503 0.1897276788949966 0.1543399691581726
0.4403664469718933 -0.2982736229896545 0.3029182851314545
-0.6055502891540527 0.6900869011878967 0.3904559910297394
-0.9461739063262939 -0.2492587715387344 -0.3668610155582428
-0.05530159547924995 1.048217177391052 0.3174172639846802
-0.5625329613685608 1.043428063392639 -0.02819709852337837
-0.7335035800933838 0.2800036370754242 -0.4023588001728058
-0.027538126334548 0.5657181143760681 0.3247445821762085
-0.2207659333944321 0.8341460824012756 -0.401417464017868
0.1235848069190979 0.8523941040039062 -0.4015829265117645
-0.7363097071647644 -0.667540967464447 0.3583165407180786
0.5796550512313843 -0.06061523035168648 0.332634299993515
-0.1811178177595139 0.3636942207813263 -0.2300799936056137
-0.9358111619949341 -0.4200789332389832 0.3377879559993744
0.5625477433204651 0.1227547898888588 -0.3289142847061157
-0.2301118820905685 -0.6563366055488586 -0.3823703825473785
0.06043792515993118 -1.07891058921814 0.2877836525440216
0.1605359762907028 -0.1082384511828423 -0.1403483599424362
-0.1557924747467041 -0.1254200041294098 -0.1420872956514359
-0.3041116297245026 0.573506772518158 -0.3648806512355804
-0.4403643310070038 0.2982834577560425 -0.3029198944568634
0.2336141616106033 0.6023622155189514 -0.3635671436786652
-0.1605365574359894 0.1082444414496422 0.1403506994247437
0.3984489738941193 0.3438706994056702 -0.2996945679187775
1.104358434677124 0.4044235348701477 -0.0976104810833931
0.9358184933662415 0.4200742542743683 -0.3377851545810699
0.9889127612113953 0.6487928628921509 0.05594173073768616
0.7722797989845276 0.7877839207649231 0.2596935033798218
0.6331174373626709 0.920202910900116 -0.240826353430748
0.6984182000160217 -0.1589582562446594 -0.390011727809906
0.2536150217056274 -1.14840042591095 0.09589555859565735
0.7326086759567261 -0.8465133309364319 0.2369593679904938
0.7732646465301514 -0.4331746101379395 -0.3978404402732849
0.2457012832164764 1.125743746757507 0.1723886281251907
0.1262328326702118 1.169007897377014 -0.09708178788423538
1.143268465995789 -0.2821753621101379 0.0905805304646492
0.736320436000824 0.6675384640693665 -0.3583135008811951
0.6845296621322632 0.2347793281078339 0.3918904662132263
0.425913393497467 0.8304969072341919 -0.3857445120811462
0.2687443196773529 -0.3780119717121124 -0.2642625868320465
-0.9608715772628784 0.1448900997638702 0.3702135682106018
1.05265486240387 -0.5374727845191956 -0.06237560138106346
0.7335042357444763 -0.2799944877624512 0.4023582637310028
0.3406305015087128 -0.9220058917999268 -0.3641226887702942
-0.7283948063850403 -0.516150176525116 -0.3965508043766022
0.3041116297245026 -0.5734987854957581 0.364877849817276
-0.7722765207290649 -0.7877818942070007 -0.259698361158371
0.2938478589057922 -0.6272551417350769 -0.3814541697502136
-0.2336138188838959 -0.6023546457290649 0.3635642230510712
-0.1235827729105949 -0.8523877859115601 0.4015832543373108
-0.2457018047571182 -1.125740766525269 -0.1723933666944504
-0.2331118136644363 -0.4053249061107635 -0.2664544880390167
-0.6331028938293457 -0.9202089905738831 0.24083012342453
-0.9817938804626465 0.3163645267486572 -0.3335350155830383
-0.4259067475795746 -0.8304920792579651 0.3857464790344238
-0.7732663750648499 0.4331872165203094 0.3978388905525208
-0.8617225885391235 0.8136898875236511 0.03130283579230309
-0.2687446177005768 0.378017395734787 0.2642664909362793
-1.103115439414978 -0.01803244464099407 -0.2603141963481903
-1.104345321655273 -0.4044569432735443 0.09761347621679306
-1.093958497047424 -0.1015951633453369 0.2663239538669586
-0.8494558334350586 0.6986444592475891 0.2641482949256897
-0.364589661359787 1.092252731323242 0.1742309629917145
0.1557931005954742 0.1254260689020157 0.142089769244194
0.8617099523544312 -0.8137030005455017 -0.0313027910888195
0.2428849637508392 0.9544839262962341 0.3630389869213104
0.5625238418579102 -1.043432354927063 0.02819599397480488
0.2301111221313477 0.6563422679901123 0.3823730945587158
-0.06043906137347221 1.078912258148193 -0.2877830266952515
0.6055505275726318 -0.6900774836540222 -0.3904575705528259
-0.3406288027763367 0.9220122098922729 0.3641208410263062
-0.2938469350337982 0.6272612810134888 0.3814569413661957
0.8494514226913452 -0.6986443400382996 -0.2641529142856598
-0.2536197602748871 1.148399949073792 -0.0958973690867424
-0.4053545296192169 -0.1901705712080002 -0.2534844875335693
0.1332174986600876 0.380888968706131 -0.2285405695438385
-0.9888981580734253 -0.6488149166107178 -0.05594223365187645
-0.01037939358502626 0.1152132824063301 -0.1227898448705673
-0.579652726650238 0.06062601879239082 -0.3326333165168762
-0.5190567374229431 0.7801563143730164 -0.3844890594482422
0.3645881712436676 -1.092250466346741 -0.1742352992296219
-0.1332181394100189 -0.3808822333812714 0.2285382300615311
0.9608690142631531 -0.144886314868927 -0.3702155947685242
0.9125894904136658 0.6996899247169495 -0.1792992800474167
-0.03619658574461937 0.605415403842926 -0.3461782336235046
-0.9858924150466919 0.5967482924461365 -0.1735982149839401
0.8635936975479126 -0.02554439939558506 0.4027119278907776
0.04172824695706367 -0.8152163028717041 -0.4027725160121918
0.6328403949737549 -0.9292746782302856 -0.228982001543045
0.3109233677387238 -0.09161067754030228 0.1875254362821579
0.5143833160400391 -0.4085092842578888 -0.368015855550766
-0.2916260361671448 -0.1244932785630226 0.1843889206647873
-0.04172803089022636 0.8152209520339966 0.4027737379074097
0.9858769178390503 -0.5967691540718079 0.1736035197973251
0.4133759140968323 -1.01075291633606 0.2743879854679108
-1.184819936752319 -0.06456352770328522 0.003753240453079343
-0.2978155612945557 -1.048961043357849 0.2762749791145325
1.18482232093811 0.06452079862356186 -0.003752975724637508
0.8479852080345154 0.1185766831040382 -0.4035722315311432
-0.4133854508399963 1.010752201080322 -0.2743854820728302
-0.5309739708900452 -0.9932588934898376 -0.2256233990192413
0.2978229224681854 1.048961997032166 -0.2762727737426758
-0.3109221756458282 0.09161880612373352 -0.1875248998403549
-0.473779708147049 -0.4629621803760529 -0.3701785802841187
0.5309737324714661 0.9932627081871033 0.2256187796592712
0.2916249334812164 0.1245009824633598 -0.1843886971473694
-0.8635920286178589 0.02555394545197487 -0.4027125537395477
0.4737801253795624 0.4629712104797363 0.3701818287372589
0.03619686886668205 -0.605408251285553 0.3461750745773315
-0.912572979927063 -0.69970703125 0.1793045401573181
-0.6328420042991638 0.929277241230011 0.2289777100086212
-0.5143837332725525 0.4085185527801514 0.3680189847946167
-0.8479864597320557 -0.1185672655701637 0.4035717844963074
0.9529565572738647 0.5261712074279785 0.2744998037815094
0.9999027848243713 -0.4191191494464874 -0.2796874642372131
-0.9529500007629395 -0.5261753797531128 -0.274504542350769
-0.9999089241027832 0.4191130101680756 0.2796832025051117
-0.06319459527730942 1.17002284526825 0.1039620861411095
-0.01414451189339161 0.329579085111618 0.1939598470926285
0.06319334357976913 -1.170021057128906 -0.1039661318063736
0.01414459850639105 -0.3295747339725494 -0.1939564794301987
-0.5679792761802673 0.5092542171478271 -0.3971661031246185
0.5026342272758484 0.5665475726127625 -0.3962832689285278
0.5679775476455688 -0.5092461109161377 0.397164911031723
-0.5026323795318604 -0.5665393471717834 0.396281898021698
